Library/Bee/Android/Prj/IL2CPP/Gradle/launcher/build/intermediates/manifest_merge_blame_file/debug/manifest-merger-blame-debug-report.txt
1<?xml version="1.0" encoding="utf-8"?>
2<manifest xmlns:android="http://schemas.android.com/apk/res/android"
3    package="com.UnityTechnologies.com.unity.template.urpblank"
4    android:installLocation="preferExternal"
5    android:versionCode="1"
6    android:versionName="0.1.0" >
7
8    <uses-sdk
9        android:minSdkVersion="26"
9-->src\main\AndroidManifest.xml
10        android:targetSdkVersion="33" />
10-->src\main\AndroidManifest.xml
11
12    <supports-screens
12-->src\main\AndroidManifest.xml:4:3-163
13        android:anyDensity="true"
13-->src\main\AndroidManifest.xml:4:135-160
14        android:largeScreens="true"
14-->src\main\AndroidManifest.xml:4:78-105
15        android:normalScreens="true"
15-->src\main\AndroidManifest.xml:4:49-77
16        android:smallScreens="true"
16-->src\main\AndroidManifest.xml:4:21-48
17        android:xlargeScreens="true" />
17-->src\main\AndroidManifest.xml:4:106-134
18
19    <uses-permission android:name="android.permission.INTERNET" />
19-->[:unityLibrary] AndroidManifest.xml:10:5-67
19-->[:unityLibrary] AndroidManifest.xml:10:22-64
20
21    <uses-feature
21-->[:unityLibrary] AndroidManifest.xml:12:5-54
22        android:glEsVersion="0x00030000"
22-->[:unityLibrary] AndroidManifest.xml:12:19-51
23        android:required="true" />
23-->[:GfxPluginCardboard:] AndroidManifest.xml:13:9-32
24    <uses-feature
24-->[:unityLibrary] AndroidManifest.xml:13:5-15:36
25        android:name="android.hardware.touchscreen"
25-->[:unityLibrary] AndroidManifest.xml:14:9-52
26        android:required="false" />
26-->[:unityLibrary] AndroidManifest.xml:15:9-33
27    <uses-feature
27-->[:unityLibrary] AndroidManifest.xml:16:5-18:36
28        android:name="android.hardware.touchscreen.multitouch"
28-->[:unityLibrary] AndroidManifest.xml:17:9-63
29        android:required="false" />
29-->[:unityLibrary] AndroidManifest.xml:18:9-33
30    <uses-feature
30-->[:unityLibrary] AndroidManifest.xml:19:5-21:36
31        android:name="android.hardware.touchscreen.multitouch.distinct"
31-->[:unityLibrary] AndroidManifest.xml:20:9-72
32        android:required="false" />
32-->[:unityLibrary] AndroidManifest.xml:21:9-33
33
34    <uses-permission android:name="android.permission.CAMERA" />
34-->[:GfxPluginCardboard:] AndroidManifest.xml:15:5-65
34-->[:GfxPluginCardboard:] AndroidManifest.xml:15:22-62
35    <uses-permission android:name="android.permission.WRITE_EXTERNAL_STORAGE" />
35-->[:GfxPluginCardboard:] AndroidManifest.xml:16:5-81
35-->[:GfxPluginCardboard:] AndroidManifest.xml:16:22-78
36    <uses-permission android:name="android.permission.NFC" />
36-->[:GfxPluginCardboard:] AndroidManifest.xml:18:5-62
36-->[:GfxPluginCardboard:] AndroidManifest.xml:18:22-59
37    <uses-permission android:name="android.permission.READ_EXTERNAL_STORAGE" />
38
39    <permission
39-->[androidx.core:core:1.9.0] AndroidManifest.xml:22:5-24:47
40        android:name="com.UnityTechnologies.com.unity.template.urpblank.DYNAMIC_RECEIVER_NOT_EXPORTED_PERMISSION"
40-->[androidx.core:core:1.9.0] AndroidManifest.xml:23:9-81
41        android:protectionLevel="signature" />
41-->[androidx.core:core:1.9.0] AndroidManifest.xml:24:9-44
42
43    <uses-permission android:name="com.UnityTechnologies.com.unity.template.urpblank.DYNAMIC_RECEIVER_NOT_EXPORTED_PERMISSION" />
43-->[androidx.core:core:1.9.0] AndroidManifest.xml:26:5-97
43-->[androidx.core:core:1.9.0] AndroidManifest.xml:26:22-94
44
45    <application
45-->src\main\AndroidManifest.xml:3:3-83
46        android:appComponentFactory="androidx.core.app.CoreComponentFactory"
46-->[androidx.core:core:1.9.0] AndroidManifest.xml:28:18-86
47        android:debuggable="true"
48        android:extractNativeLibs="true"
48-->[:unityLibrary] AndroidManifest.xml:23:18-50
49        android:icon="@mipmap/app_icon"
49-->src\main\AndroidManifest.xml:3:49-80
50        android:label="@string/app_name" >
50-->src\main\AndroidManifest.xml:3:16-48
51        <meta-data
51-->[:unityLibrary] AndroidManifest.xml:24:9-26:33
52            android:name="unity.splash-mode"
52-->[:unityLibrary] AndroidManifest.xml:25:13-45
53            android:value="0" />
53-->[:unityLibrary] AndroidManifest.xml:26:13-30
54        <meta-data
54-->[:unityLibrary] AndroidManifest.xml:27:9-29:36
55            android:name="unity.splash-enable"
55-->[:unityLibrary] AndroidManifest.xml:28:13-47
56            android:value="True" />
56-->[:unityLibrary] AndroidManifest.xml:29:13-33
57        <meta-data
57-->[:unityLibrary] AndroidManifest.xml:30:9-32:36
58            android:name="unity.launch-fullscreen"
58-->[:unityLibrary] AndroidManifest.xml:31:13-51
59            android:value="True" />
59-->[:unityLibrary] AndroidManifest.xml:32:13-33
60        <meta-data
60-->[:unityLibrary] AndroidManifest.xml:33:9-35:36
61            android:name="unity.render-outside-safearea"
61-->[:unityLibrary] AndroidManifest.xml:34:13-57
62            android:value="True" />
62-->[:unityLibrary] AndroidManifest.xml:35:13-33
63        <meta-data
63-->[:unityLibrary] AndroidManifest.xml:36:9-38:50
64            android:name="notch.config"
64-->[:unityLibrary] AndroidManifest.xml:37:13-40
65            android:value="portrait|landscape" />
65-->[:unityLibrary] AndroidManifest.xml:38:13-47
66        <meta-data
66-->[:unityLibrary] AndroidManifest.xml:39:9-41:36
67            android:name="unity.auto-report-fully-drawn"
67-->[:unityLibrary] AndroidManifest.xml:40:13-57
68            android:value="true" />
68-->[:unityLibrary] AndroidManifest.xml:41:13-33
69
70        <activity
70-->[:unityLibrary] AndroidManifest.xml:43:9-64:20
71            android:name="com.unity3d.player.UnityPlayerActivity"
71-->[:unityLibrary] AndroidManifest.xml:44:13-66
72            android:configChanges="mcc|mnc|locale|touchscreen|keyboard|keyboardHidden|navigation|orientation|screenLayout|uiMode|screenSize|smallestScreenSize|fontScale|layoutDirection|density"
72-->[:unityLibrary] AndroidManifest.xml:45:13-194
73            android:exported="true"
73-->[:unityLibrary] AndroidManifest.xml:46:13-36
74            android:hardwareAccelerated="false"
74-->[:unityLibrary] AndroidManifest.xml:47:13-48
75            android:launchMode="singleTask"
75-->[:unityLibrary] AndroidManifest.xml:48:13-44
76            android:resizeableActivity="false"
76-->[:unityLibrary] AndroidManifest.xml:49:13-47
77            android:screenOrientation="landscape"
77-->[:unityLibrary] AndroidManifest.xml:50:13-50
78            android:theme="@style/UnityThemeSelector" >
78-->[:unityLibrary] AndroidManifest.xml:51:13-54
79            <intent-filter>
79-->[:unityLibrary] AndroidManifest.xml:52:13-56:29
80                <category android:name="android.intent.category.LAUNCHER" />
80-->[:unityLibrary] AndroidManifest.xml:53:17-77
80-->[:unityLibrary] AndroidManifest.xml:53:27-74
81
82                <action android:name="android.intent.action.MAIN" />
82-->[:unityLibrary] AndroidManifest.xml:55:17-69
82-->[:unityLibrary] AndroidManifest.xml:55:25-66
83            </intent-filter>
84
85            <meta-data
85-->[:unityLibrary] AndroidManifest.xml:58:13-60:40
86                android:name="unityplayer.UnityActivity"
86-->[:unityLibrary] AndroidManifest.xml:59:17-57
87                android:value="true" />
87-->[:unityLibrary] AndroidManifest.xml:60:17-37
88            <meta-data
88-->[:unityLibrary] AndroidManifest.xml:61:13-63:40
89                android:name="notch_support"
89-->[:unityLibrary] AndroidManifest.xml:62:17-45
90                android:value="true" />
90-->[:unityLibrary] AndroidManifest.xml:63:17-37
91        </activity>
92        <activity
92-->[:GfxPluginCardboard:] AndroidManifest.xml:21:9-25:66
93            android:name="com.google.cardboard.sdk.QrCodeCaptureActivity"
93-->[:GfxPluginCardboard:] AndroidManifest.xml:22:13-74
94            android:exported="false"
94-->[:GfxPluginCardboard:] AndroidManifest.xml:23:13-37
95            android:label="@string/title_activity_qr_code_capture"
95-->[:GfxPluginCardboard:] AndroidManifest.xml:24:13-67
96            android:theme="@style/Theme.AppCompat.NoActionBar" />
96-->[:GfxPluginCardboard:] AndroidManifest.xml:25:13-63
97        <!--
98          Activity whose sole purpose is to update Cardboard device params when a Cardboard V1
99          NFC tag is detected.
100        -->
101        <activity
101-->[:GfxPluginCardboard:] AndroidManifest.xml:31:9-44:20
102            android:name="com.google.cardboard.sdk.HeadsetDetectionActivity"
102-->[:GfxPluginCardboard:] AndroidManifest.xml:32:13-77
103            android:exported="true"
103-->[:GfxPluginCardboard:] AndroidManifest.xml:33:13-36
104            android:label="@string/headset_detection_activity_title" >
104-->[:GfxPluginCardboard:] AndroidManifest.xml:34:13-69
105
106            <!-- Handles the Cardboard V1 NFC tag released at Google I/O 2014. -->
107            <intent-filter>
107-->[:GfxPluginCardboard:] AndroidManifest.xml:37:13-43:29
108                <action android:name="android.nfc.action.NDEF_DISCOVERED" />
108-->[:GfxPluginCardboard:] AndroidManifest.xml:38:17-77
108-->[:GfxPluginCardboard:] AndroidManifest.xml:38:25-74
109
110                <category android:name="android.intent.category.DEFAULT" />
110-->[:GfxPluginCardboard:] AndroidManifest.xml:40:17-76
110-->[:GfxPluginCardboard:] AndroidManifest.xml:40:27-73
111
112                <data android:scheme="cardboard" />
112-->[:GfxPluginCardboard:] AndroidManifest.xml:42:17-52
112-->[:GfxPluginCardboard:] AndroidManifest.xml:42:23-49
113            </intent-filter>
114        </activity>
115        <activity
115-->[com.google.android.gms:play-services-base:17.4.0] AndroidManifest.xml:23:9-26:75
116            android:name="com.google.android.gms.common.api.GoogleApiActivity"
116-->[com.google.android.gms:play-services-base:17.4.0] AndroidManifest.xml:24:13-79
117            android:exported="false"
117-->[com.google.android.gms:play-services-base:17.4.0] AndroidManifest.xml:25:13-37
118            android:theme="@android:style/Theme.Translucent.NoTitleBar" />
118-->[com.google.android.gms:play-services-base:17.4.0] AndroidManifest.xml:26:13-72
119
120        <meta-data
120-->[com.google.android.gms:play-services-basement:17.4.0] AndroidManifest.xml:23:9-25:69
121            android:name="com.google.android.gms.version"
121-->[com.google.android.gms:play-services-basement:17.4.0] AndroidManifest.xml:24:13-58
122            android:value="@integer/google_play_services_version" />
122-->[com.google.android.gms:play-services-basement:17.4.0] AndroidManifest.xml:25:13-66
123
124        <provider
124-->[androidx.emoji2:emoji2:1.2.0] AndroidManifest.xml:24:9-32:20
125            android:name="androidx.startup.InitializationProvider"
125-->[androidx.emoji2:emoji2:1.2.0] AndroidManifest.xml:25:13-67
126            android:authorities="com.UnityTechnologies.com.unity.template.urpblank.androidx-startup"
126-->[androidx.emoji2:emoji2:1.2.0] AndroidManifest.xml:26:13-68
127            android:exported="false" >
127-->[androidx.emoji2:emoji2:1.2.0] AndroidManifest.xml:27:13-37
128            <meta-data
128-->[androidx.emoji2:emoji2:1.2.0] AndroidManifest.xml:29:13-31:52
129                android:name="androidx.emoji2.text.EmojiCompatInitializer"
129-->[androidx.emoji2:emoji2:1.2.0] AndroidManifest.xml:30:17-75
130                android:value="androidx.startup" />
130-->[androidx.emoji2:emoji2:1.2.0] AndroidManifest.xml:31:17-49
131            <meta-data
131-->[androidx.lifecycle:lifecycle-process:2.4.1] AndroidManifest.xml:31:13-33:52
132                android:name="androidx.lifecycle.ProcessLifecycleInitializer"
132-->[androidx.lifecycle:lifecycle-process:2.4.1] AndroidManifest.xml:32:17-78
133                android:value="androidx.startup" />
133-->[androidx.lifecycle:lifecycle-process:2.4.1] AndroidManifest.xml:33:17-49
134        </provider>
135    </application>
136
137</manifest>